<?xml version="1.0" encoding="utf-8"?><testsuites name="pytest tests"><testsuite name="pytest" errors="0" failures="0" skipped="0" tests="23" time="2.699" timestamp="2026-01-22T13:29:36.598477+00:00" hostname="agent-env-5a077137-a100-47a7-a1d8-12a67204897b"><testcase classname="tests.test_email_templates_api.TestEmailTemplatesGet" name="test_get_email_templates_success" time="0.107" /><testcase classname="tests.test_email_templates_api.TestEmailTemplatesGet" name="test_email_template_structure" time="0.064" /><testcase classname="tests.test_email_templates_api.TestEmailTemplatesGet" name="test_email_provider_status_not_configured" time="0.065" /><testcase classname="tests.test_email_templates_api.TestEmailTemplatesGet" name="test_get_templates_invalid_event_id" time="0.064" /><testcase classname="tests.test_email_templates_api.TestEmailTemplatesGet" name="test_get_templates_nonexistent_event" time="0.142" /><testcase classname="tests.test_email_templates_api.TestEmailTemplatesSave" name="test_save_email_templates_enable_override" time="0.063" /><testcase classname="tests.test_email_templates_api.TestEmailTemplatesSave" name="test_save_email_templates_disable_override" time="0.064" /><testcase classname="tests.test_email_templates_api.TestEmailTemplatesSave" name="test_save_email_templates_toggle_enabled" time="0.135" /><testcase classname="tests.test_email_templates_api.TestEmailTemplatesSave" name="test_save_email_templates_scheduled_timing" time="0.069" /><testcase classname="tests.test_email_templates_api.TestEmailTemplatesSave" name="test_save_email_templates_invalid_scenario" time="0.100" /><testcase classname="tests.test_email_templates_api.TestEmailTemplatesSave" name="test_save_email_templates_missing_scenarios" time="0.066" /><testcase classname="tests.test_email_templates_api.TestEmailTemplatesSave" name="test_save_all_scenarios" time="0.139" /><testcase classname="tests.test_email_templates_api.TestEmailTemplatesReset" name="test_reset_to_global" time="0.122" /><testcase classname="tests.test_email_templates_api.TestEmailTemplatesReset" name="test_reset_invalid_event_id" time="0.130" /><testcase classname="tests.test_email_templates_api.TestEmailTemplatesTestEmail" name="test_send_test_email_no_provider" time="0.074" /><testcase classname="tests.test_email_templates_api.TestEmailTemplatesTestEmail" name="test_send_test_email_missing_scenario" time="0.058" /><testcase classname="tests.test_email_templates_api.TestEmailTemplatesTestEmail" name="test_send_test_email_missing_email" time="0.064" /><testcase classname="tests.test_email_templates_api.TestEmailTemplatesTestEmail" name="test_send_test_email_invalid_email_format" time="0.059" /><testcase classname="tests.test_email_templates_api.TestEmailTemplatesTestEmail" name="test_send_test_email_invalid_scenario" time="0.120" /><testcase classname="tests.test_email_templates_api.TestEmailProviderStatus" name="test_get_email_provider_status" time="0.378" /><testcase classname="tests.test_email_templates_api.TestEmailProviderStatus" name="test_get_email_provider_status_invalid_event" time="0.125" /><testcase classname="tests.test_email_templates_api.TestEmailTemplatesDataPersistence" name="test_save_and_verify_persistence" time="0.128" /><testcase classname="tests.test_email_templates_api.TestEmailTemplatesDataPersistence" name="test_reset_and_verify_persistence" time="0.265" /></testsuite></testsuites>