<?xml version="1.0" encoding="utf-8"?><testsuites name="pytest tests"><testsuite name="pytest" errors="0" failures="0" skipped="0" tests="22" time="2.021" timestamp="2026-01-23T05:08:16.154824+00:00" hostname="agent-env-5a077137-a100-47a7-a1d8-12a67204897b"><testcase classname="tests.test_event_general_advanced.TestEventGeneralDetailsAPI" name="test_get_event_general_returns_basic_info" time="0.116" /><testcase classname="tests.test_event_general_advanced.TestEventGeneralDetailsAPI" name="test_get_event_general_returns_date_time" time="0.060" /><testcase classname="tests.test_event_general_advanced.TestEventGeneralDetailsAPI" name="test_get_event_general_returns_location" time="0.064" /><testcase classname="tests.test_event_general_advanced.TestEventGeneralDetailsAPI" name="test_get_event_general_returns_capacity" time="0.057" /><testcase classname="tests.test_event_general_advanced.TestEventGeneralDetailsAPI" name="test_get_event_general_returns_media" time="0.064" /><testcase classname="tests.test_event_general_advanced.TestEventGeneralDetailsAPI" name="test_get_event_general_returns_agenda" time="0.065" /><testcase classname="tests.test_event_general_advanced.TestEventGeneralDetailsAPI" name="test_get_event_general_returns_partners" time="0.064" /><testcase classname="tests.test_event_general_advanced.TestEventGeneralDetailsAPI" name="test_get_event_general_returns_sponsors" time="0.064" /><testcase classname="tests.test_event_general_advanced.TestEventGeneralDetailsAPI" name="test_get_event_general_returns_internal_notes" time="0.064" /><testcase classname="tests.test_event_general_advanced.TestEventGeneralDetailsAPI" name="test_get_event_general_returns_lifecycle_status" time="0.059" /><testcase classname="tests.test_event_general_advanced.TestEventGeneralDetailsUpdate" name="test_update_basic_info" time="0.133" /><testcase classname="tests.test_event_general_advanced.TestEventGeneralDetailsUpdate" name="test_update_partners" time="0.127" /><testcase classname="tests.test_event_general_advanced.TestEventGeneralDetailsUpdate" name="test_update_sponsors" time="0.117" /><testcase classname="tests.test_event_general_advanced.TestEventGeneralDetailsUpdate" name="test_update_internal_notes" time="0.132" /><testcase classname="tests.test_event_general_advanced.TestEventGeneralDetailsUpdate" name="test_update_lifecycle_status" time="0.119" /><testcase classname="tests.test_event_general_advanced.TestEventGeneralDetailsUpdate" name="test_update_agenda" time="0.124" /><testcase classname="tests.test_event_general_advanced.TestEventGeneralDetailsUpdate" name="test_update_all_fields_together" time="0.060" /><testcase classname="tests.test_event_general_advanced.TestEventGeneralDetailsEdgeCases" name="test_update_with_empty_partners" time="0.060" /><testcase classname="tests.test_event_general_advanced.TestEventGeneralDetailsEdgeCases" name="test_update_with_empty_sponsors" time="0.062" /><testcase classname="tests.test_event_general_advanced.TestEventGeneralDetailsEdgeCases" name="test_update_with_empty_agenda" time="0.064" /><testcase classname="tests.test_event_general_advanced.TestEventGeneralDetailsEdgeCases" name="test_update_with_empty_internal_notes" time="0.069" /><testcase classname="tests.test_event_general_advanced.TestEventGeneralDetailsEdgeCases" name="test_get_nonexistent_event" time="0.132" /></testsuite></testsuites>