<?xml version="1.0" encoding="utf-8"?><testsuites name="pytest tests"><testsuite name="pytest" errors="0" failures="2" skipped="0" tests="13" time="1.268" timestamp="2026-01-20T06:53:13.015642+00:00" hostname="agent-env-97b53990-4668-42f0-b957-5a7315d23e84"><testcase classname="tests.test_meeting_integration.TestMeetingIntegrationStatus" name="test_get_meeting_status_returns_200" time="0.092" /><testcase classname="tests.test_meeting_integration.TestMeetingIntegrationStatus" name="test_get_meeting_status_returns_zoom_and_google_meet_flags" time="0.058" /><testcase classname="tests.test_meeting_integration.TestMeetingIntegrationStatus" name="test_meeting_status_shows_not_configured" time="0.056" /><testcase classname="tests.test_meeting_integration.TestMeetingGenerate" name="test_generate_zoom_meeting_returns_error_when_not_configured" time="0.059" /><testcase classname="tests.test_meeting_integration.TestMeetingGenerate" name="test_generate_google_meet_returns_error_when_not_configured" time="0.059" /><testcase classname="tests.test_meeting_integration.TestMeetingGenerate" name="test_generate_meeting_requires_platform" time="0.061" /><testcase classname="tests.test_meeting_integration.TestMeetingGenerate" name="test_generate_meeting_requires_topic" time="0.056" /><testcase classname="tests.test_meeting_integration.TestMeetingGenerate" name="test_generate_meeting_requires_start_time" time="0.053" /><testcase classname="tests.test_meeting_integration.TestMeetingGenerate" name="test_generate_meeting_requires_end_time" time="0.100" /><testcase classname="tests.test_meeting_integration.TestMeetingGenerate" name="test_generate_meeting_requires_timezone" time="0.054" /><testcase classname="tests.test_meeting_integration.TestMeetingGenerate" name="test_generate_meeting_rejects_invalid_platform" time="0.050" /><testcase classname="tests.test_meeting_integration.TestEventCreationWithMeetingUrl" name="test_create_event_with_manual_meeting_url" time="0.237"><failure message="assert 400 == 201&#10; +  where 400 = &lt;Response [400]&gt;.status_code">tests/test_meeting_integration.py:217: in test_create_event_with_manual_meeting_url
    assert response.status_code == 201
E   assert 400 == 201
E    +  where 400 = &lt;Response [400]&gt;.status_code</failure></testcase><testcase classname="tests.test_meeting_integration.TestEventCreationWithMeetingUrl" name="test_create_hybrid_event_with_meeting_url" time="0.192"><failure message="assert 400 == 201&#10; +  where 400 = &lt;Response [400]&gt;.status_code">tests/test_meeting_integration.py:259: in test_create_hybrid_event_with_meeting_url
    assert response.status_code == 201
E   assert 400 == 201
E    +  where 400 = &lt;Response [400]&gt;.status_code</failure></testcase></testsuite></testsuites>