<?xml version="1.0" encoding="utf-8"?><testsuites name="pytest tests"><testsuite name="pytest" errors="0" failures="0" skipped="0" tests="13" time="1.228" timestamp="2026-01-20T06:53:56.743269+00:00" hostname="agent-env-97b53990-4668-42f0-b957-5a7315d23e84"><testcase classname="tests.test_meeting_integration.TestMeetingIntegrationStatus" name="test_get_meeting_status_returns_200" time="0.110" /><testcase classname="tests.test_meeting_integration.TestMeetingIntegrationStatus" name="test_get_meeting_status_returns_zoom_and_google_meet_flags" time="0.054" /><testcase classname="tests.test_meeting_integration.TestMeetingIntegrationStatus" name="test_meeting_status_shows_not_configured" time="0.055" /><testcase classname="tests.test_meeting_integration.TestMeetingGenerate" name="test_generate_zoom_meeting_returns_error_when_not_configured" time="0.058" /><testcase classname="tests.test_meeting_integration.TestMeetingGenerate" name="test_generate_google_meet_returns_error_when_not_configured" time="0.056" /><testcase classname="tests.test_meeting_integration.TestMeetingGenerate" name="test_generate_meeting_requires_platform" time="0.061" /><testcase classname="tests.test_meeting_integration.TestMeetingGenerate" name="test_generate_meeting_requires_topic" time="0.054" /><testcase classname="tests.test_meeting_integration.TestMeetingGenerate" name="test_generate_meeting_requires_start_time" time="0.059" /><testcase classname="tests.test_meeting_integration.TestMeetingGenerate" name="test_generate_meeting_requires_end_time" time="0.057" /><testcase classname="tests.test_meeting_integration.TestMeetingGenerate" name="test_generate_meeting_requires_timezone" time="0.055" /><testcase classname="tests.test_meeting_integration.TestMeetingGenerate" name="test_generate_meeting_rejects_invalid_platform" time="0.098" /><testcase classname="tests.test_meeting_integration.TestEventCreationWithMeetingUrl" name="test_create_event_with_manual_meeting_url" time="0.263" /><testcase classname="tests.test_meeting_integration.TestEventCreationWithMeetingUrl" name="test_create_hybrid_event_with_meeting_url" time="0.189" /></testsuite></testsuites>