<?xml version="1.0" encoding="utf-8"?><testsuites name="pytest tests"><testsuite name="pytest" errors="0" failures="0" skipped="0" tests="41" time="5.853" timestamp="2026-01-03T13:13:53.661869+00:00" hostname="agent-env-ce470614-ccdf-4e26-9a10-388d87fcd8d0"><testcase classname="tests.test_attendees_checkin_api.TestAttendeesListAPI" name="test_get_attendees_list_success" time="0.107" /><testcase classname="tests.test_attendees_checkin_api.TestAttendeesListAPI" name="test_get_attendees_list_pagination" time="0.065" /><testcase classname="tests.test_attendees_checkin_api.TestAttendeesListAPI" name="test_get_attendees_list_filter_checked_in" time="0.074" /><testcase classname="tests.test_attendees_checkin_api.TestAttendeesListAPI" name="test_get_attendees_list_filter_not_checked_in" time="0.060" /><testcase classname="tests.test_attendees_checkin_api.TestAttendeesListAPI" name="test_get_attendees_list_search_by_name" time="0.058" /><testcase classname="tests.test_attendees_checkin_api.TestAttendeesListAPI" name="test_get_attendees_list_search_by_qr_code" time="0.060" /><testcase classname="tests.test_attendees_checkin_api.TestAttendeesListAPI" name="test_get_attendees_invalid_event_id" time="0.226" /><testcase classname="tests.test_attendees_checkin_api.TestCheckinMetricsAPI" name="test_get_metrics_success" time="0.057" /><testcase classname="tests.test_attendees_checkin_api.TestCheckinMetricsAPI" name="test_get_metrics_values_are_numbers" time="0.099" /><testcase classname="tests.test_attendees_checkin_api.TestCheckinMetricsAPI" name="test_get_metrics_invalid_event_id" time="0.057" /><testcase classname="tests.test_attendees_checkin_api.TestActiveDevicesAPI" name="test_get_devices_success" time="0.053" /><testcase classname="tests.test_attendees_checkin_api.TestActiveDevicesAPI" name="test_get_devices_structure" time="0.056" /><testcase classname="tests.test_attendees_checkin_api.TestActiveDevicesAPI" name="test_get_devices_invalid_event_id" time="0.055" /><testcase classname="tests.test_attendees_checkin_api.TestLocationStatsAPI" name="test_get_locations_success" time="0.093" /><testcase classname="tests.test_attendees_checkin_api.TestLocationStatsAPI" name="test_get_locations_structure" time="0.061" /><testcase classname="tests.test_attendees_checkin_api.TestLocationStatsAPI" name="test_get_locations_invalid_event_id" time="0.057" /><testcase classname="tests.test_attendees_checkin_api.TestCreateAttendeeAPI" name="test_create_attendee_success" time="0.054" /><testcase classname="tests.test_attendees_checkin_api.TestCreateAttendeeAPI" name="test_create_attendee_name_required" time="0.067" /><testcase classname="tests.test_attendees_checkin_api.TestCreateAttendeeAPI" name="test_create_attendee_empty_name" time="0.055" /><testcase classname="tests.test_attendees_checkin_api.TestCreateAttendeeAPI" name="test_create_attendee_generates_unique_qr" time="0.111" /><testcase classname="tests.test_attendees_checkin_api.TestCreateAttendeeAPI" name="test_create_attendee_invalid_event_id" time="0.052" /><testcase classname="tests.test_attendees_checkin_api.TestSyncAttendeesAPI" name="test_sync_attendees_success" time="0.058" /><testcase classname="tests.test_attendees_checkin_api.TestSyncAttendeesAPI" name="test_sync_attendees_invalid_event_id" time="0.052" /><testcase classname="tests.test_attendees_checkin_api.TestQRCheckinAPI" name="test_qr_checkin_success" time="0.183" /><testcase classname="tests.test_attendees_checkin_api.TestQRCheckinAPI" name="test_qr_checkin_invalid_qr" time="0.165" /><testcase classname="tests.test_attendees_checkin_api.TestQRCheckinAPI" name="test_qr_checkin_missing_qr" time="0.168" /><testcase classname="tests.test_attendees_checkin_api.TestQRCheckinAPI" name="test_qr_checkin_duplicate_prevention" time="0.904" /><testcase classname="tests.test_attendees_checkin_api.TestQRCheckinAPI" name="test_qr_checkin_wrong_event" time="0.160" /><testcase classname="tests.test_attendees_checkin_api.TestManualCheckinAPI" name="test_manual_checkin_success" time="0.174" /><testcase classname="tests.test_attendees_checkin_api.TestManualCheckinAPI" name="test_manual_checkin_already_checked_in" time="0.305" /><testcase classname="tests.test_attendees_checkin_api.TestManualCheckinAPI" name="test_manual_checkin_not_found" time="0.154" /><testcase classname="tests.test_attendees_checkin_api.TestManualCheckinAPI" name="test_manual_checkin_invalid_ids" time="0.169" /><testcase classname="tests.test_attendees_checkin_api.TestUndoCheckinAPI" name="test_undo_checkin_success" time="0.173" /><testcase classname="tests.test_attendees_checkin_api.TestUndoCheckinAPI" name="test_undo_checkin_not_checked_in" time="0.263" /><testcase classname="tests.test_attendees_checkin_api.TestUndoCheckinAPI" name="test_undo_checkin_not_found" time="0.206" /><testcase classname="tests.test_attendees_checkin_api.TestGetAttendeeByIdAPI" name="test_get_attendee_by_id_success" time="0.103" /><testcase classname="tests.test_attendees_checkin_api.TestGetAttendeeByIdAPI" name="test_get_attendee_by_id_not_found" time="0.052" /><testcase classname="tests.test_attendees_checkin_api.TestGetAttendeeByIdAPI" name="test_get_attendee_by_id_invalid_id" time="0.052" /><testcase classname="tests.test_attendees_checkin_api.TestCheckinWorkflow" name="test_full_checkin_workflow" time="0.343" /><testcase classname="tests.test_attendees_checkin_api.TestCheckinWorkflow" name="test_device_tracking_on_checkin" time="0.221" /><testcase classname="tests.test_attendees_checkin_api.TestCheckinWorkflow" name="test_location_tracking_on_checkin" time="0.224" /></testsuite></testsuites>