<?xml version="1.0" encoding="utf-8"?><testsuites name="pytest tests"><testsuite name="pytest" errors="0" failures="0" skipped="0" tests="9" time="1.069" timestamp="2026-01-02T14:57:01.022214+00:00" hostname="agent-env-54517a26-29b7-4aaa-b8d9-e48508f3e82f"><testcase classname="tests.test_file_upload_api.TestHealthCheck" name="test_api_health" time="0.056" /><testcase classname="tests.test_file_upload_api.TestSingleFileUpload" name="test_single_file_upload_success" time="0.125" /><testcase classname="tests.test_file_upload_api.TestSingleFileUpload" name="test_single_file_upload_no_file" time="0.060" /><testcase classname="tests.test_file_upload_api.TestMultipleFileUpload" name="test_multiple_file_upload_success" time="0.288" /><testcase classname="tests.test_file_upload_api.TestMultipleFileUpload" name="test_multiple_file_upload_no_files" time="0.063" /><testcase classname="tests.test_file_upload_api.TestEventsAPI" name="test_get_events_list" time="0.054" /><testcase classname="tests.test_file_upload_api.TestEventsAPI" name="test_create_event_with_file_urls" time="0.240" /><testcase classname="tests.test_file_upload_api.TestEventsAPI" name="test_get_events_metrics" time="0.061" /><testcase classname="tests.test_file_upload_api.TestSavedViews" name="test_get_saved_views" time="0.064" /></testsuite></testsuites>