<?xml version="1.0" encoding="utf-8"?><testsuites name="pytest tests"><testsuite name="pytest" errors="0" failures="0" skipped="0" tests="33" time="3.163" timestamp="2026-01-22T07:01:49.499286+00:00" hostname="agent-env-d7049957-9785-47bc-9a8f-0954de5a7d0a"><testcase classname="tests.test_badge_booking_checkin.TestBadgeDesignAPI" name="test_get_badge_designs" time="0.099" /><testcase classname="tests.test_badge_booking_checkin.TestBadgeDesignAPI" name="test_get_badge_designs_returns_correct_structure" time="0.034" /><testcase classname="tests.test_badge_booking_checkin.TestBadgeDesignAPI" name="test_create_badge_design" time="0.033" /><testcase classname="tests.test_badge_booking_checkin.TestBadgeDesignAPI" name="test_create_badge_design_with_ticket_type" time="0.078" /><testcase classname="tests.test_badge_booking_checkin.TestBadgeDesignAPI" name="test_create_badge_design_missing_name" time="0.029" /><testcase classname="tests.test_badge_booking_checkin.TestBadgeDesignAPI" name="test_get_badge_design_by_id" time="0.059" /><testcase classname="tests.test_badge_booking_checkin.TestBadgeDesignAPI" name="test_get_badge_design_not_found" time="0.071" /><testcase classname="tests.test_badge_booking_checkin.TestBadgeDesignAPI" name="test_update_badge_design" time="0.172" /><testcase classname="tests.test_badge_booking_checkin.TestBadgeDesignAPI" name="test_get_design_for_ticket" time="0.029" /><testcase classname="tests.test_badge_booking_checkin.TestBadgeDesignAPI" name="test_get_design_for_specific_ticket_type" time="0.071" /><testcase classname="tests.test_badge_booking_checkin.TestBadgeDesignAPI" name="test_duplicate_badge_design" time="0.107" /><testcase classname="tests.test_badge_booking_checkin.TestBadgeDesignAPI" name="test_delete_badge_design" time="0.171" /><testcase classname="tests.test_badge_booking_checkin.TestBookingAPI" name="test_get_bookings" time="0.029" /><testcase classname="tests.test_badge_booking_checkin.TestBookingAPI" name="test_get_booking_by_id" time="0.099" /><testcase classname="tests.test_badge_booking_checkin.TestBookingAPI" name="test_create_booking_with_items" time="0.033" /><testcase classname="tests.test_badge_booking_checkin.TestBookingAPI" name="test_create_booking_multiple_items" time="0.078" /><testcase classname="tests.test_badge_booking_checkin.TestBookingAPI" name="test_confirm_booking_issues_tickets" time="0.066" /><testcase classname="tests.test_badge_booking_checkin.TestBookingAPI" name="test_confirm_booking_issues_multiple_tickets" time="0.069" /><testcase classname="tests.test_badge_booking_checkin.TestBookingAPI" name="test_confirm_already_confirmed_booking" time="0.059" /><testcase classname="tests.test_badge_booking_checkin.TestBookingAPI" name="test_cancel_booking" time="0.106" /><testcase classname="tests.test_badge_booking_checkin.TestBookingAPI" name="test_get_booking_by_code_public" time="0.099" /><testcase classname="tests.test_badge_booking_checkin.TestIssuedTicketAPI" name="test_get_issued_tickets" time="0.037" /><testcase classname="tests.test_badge_booking_checkin.TestIssuedTicketAPI" name="test_get_issued_ticket_by_id" time="0.101" /><testcase classname="tests.test_badge_booking_checkin.TestIssuedTicketAPI" name="test_get_checkin_stats" time="0.071" /><testcase classname="tests.test_badge_booking_checkin.TestIssuedTicketAPI" name="test_checkin_by_unique_code" time="0.063" /><testcase classname="tests.test_badge_booking_checkin.TestIssuedTicketAPI" name="test_checkin_by_qr_payload" time="0.064" /><testcase classname="tests.test_badge_booking_checkin.TestIssuedTicketAPI" name="test_checkin_already_checked_in_ticket" time="0.101" /><testcase classname="tests.test_badge_booking_checkin.TestIssuedTicketAPI" name="test_checkin_invalid_code" time="0.035" /><testcase classname="tests.test_badge_booking_checkin.TestIssuedTicketAPI" name="test_undo_checkin" time="0.174" /><testcase classname="tests.test_badge_booking_checkin.TestIssuedTicketAPI" name="test_undo_checkin_not_checked_in" time="0.059" /><testcase classname="tests.test_badge_booking_checkin.TestIssuedTicketAPI" name="test_cancel_ticket" time="0.139" /><testcase classname="tests.test_badge_booking_checkin.TestIssuedTicketAPI" name="test_checkin_cancelled_ticket" time="0.101" /><testcase classname="tests.test_badge_booking_checkin.TestEndToEndFlow" name="test_complete_booking_to_checkin_flow" time="0.515" /></testsuite></testsuites>