<?xml version="1.0" encoding="utf-8"?><testsuites name="pytest tests"><testsuite name="pytest" errors="0" failures="0" skipped="0" tests="31" time="3.646" timestamp="2026-01-03T12:12:08.736538+00:00" hostname="agent-env-ce470614-ccdf-4e26-9a10-388d87fcd8d0"><testcase classname="tests.test_registrations_api.TestRegistrationsAPI" name="test_get_registrations_list" time="0.089" /><testcase classname="tests.test_registrations_api.TestRegistrationsAPI" name="test_get_registrations_with_pagination" time="0.071" /><testcase classname="tests.test_registrations_api.TestRegistrationsAPI" name="test_get_registrations_with_search" time="0.061" /><testcase classname="tests.test_registrations_api.TestRegistrationsAPI" name="test_get_registrations_with_status_filter" time="0.058" /><testcase classname="tests.test_registrations_api.TestRegistrationsAPI" name="test_get_registrations_with_cancelled_filter" time="0.060" /><testcase classname="tests.test_registrations_api.TestRegistrationsAPI" name="test_get_registrations_with_incomplete_filter" time="0.060" /><testcase classname="tests.test_registrations_api.TestRegistrationsAPI" name="test_get_registration_stats" time="0.054" /><testcase classname="tests.test_registrations_api.TestRegistrationsAPI" name="test_create_registration_success" time="0.093" /><testcase classname="tests.test_registrations_api.TestRegistrationsAPI" name="test_create_registration_minimal" time="0.091" /><testcase classname="tests.test_registrations_api.TestRegistrationsAPI" name="test_create_registration_missing_name" time="0.053" /><testcase classname="tests.test_registrations_api.TestRegistrationsAPI" name="test_create_registration_missing_email" time="0.064" /><testcase classname="tests.test_registrations_api.TestRegistrationsAPI" name="test_create_registration_invalid_email" time="0.055" /><testcase classname="tests.test_registrations_api.TestRegistrationsAPI" name="test_create_registration_with_pending_status" time="0.086" /><testcase classname="tests.test_registrations_api.TestRegistrationsAPI" name="test_get_registration_by_id" time="0.166" /><testcase classname="tests.test_registrations_api.TestRegistrationsAPI" name="test_get_registration_not_found" time="0.059" /><testcase classname="tests.test_registrations_api.TestRegistrationsAPI" name="test_update_registration" time="0.148" /><testcase classname="tests.test_registrations_api.TestRegistrationsAPI" name="test_update_registration_not_found" time="0.064" /><testcase classname="tests.test_registrations_api.TestRegistrationsAPI" name="test_update_registration_status_to_approved" time="0.165" /><testcase classname="tests.test_registrations_api.TestRegistrationsAPI" name="test_update_registration_status_to_pending" time="0.122" /><testcase classname="tests.test_registrations_api.TestRegistrationsAPI" name="test_update_registration_status_to_cancelled" time="0.116" /><testcase classname="tests.test_registrations_api.TestRegistrationsAPI" name="test_update_registration_status_invalid" time="0.160" /><testcase classname="tests.test_registrations_api.TestRegistrationsAPI" name="test_update_registration_status_missing" time="0.239" /><testcase classname="tests.test_registrations_api.TestRegistrationsAPI" name="test_update_payment_status_to_paid" time="0.159" /><testcase classname="tests.test_registrations_api.TestRegistrationsAPI" name="test_update_payment_status_to_pending" time="0.133" /><testcase classname="tests.test_registrations_api.TestRegistrationsAPI" name="test_update_payment_status_to_failed" time="0.122" /><testcase classname="tests.test_registrations_api.TestRegistrationsAPI" name="test_update_payment_status_invalid" time="0.157" /><testcase classname="tests.test_registrations_api.TestRegistrationsAPI" name="test_update_payment_status_missing" time="0.167" /><testcase classname="tests.test_registrations_api.TestRegistrationsAPI" name="test_delete_registration" time="0.160" /><testcase classname="tests.test_registrations_api.TestRegistrationsAPI" name="test_delete_registration_not_found" time="0.056" /><testcase classname="tests.test_registrations_api.TestRegistrationsAPI" name="test_full_registration_workflow" time="0.300" /><testcase classname="tests.test_registrations_api.TestRegistrationsAPI" name="test_stats_update_after_create" time="0.153" /></testsuite></testsuites>