<?xml version="1.0" encoding="utf-8"?><testsuites name="pytest tests"><testsuite name="pytest" errors="0" failures="0" skipped="0" tests="19" time="1.780" timestamp="2026-01-21T11:47:07.236567+00:00" hostname="agent-env-97b53990-4668-42f0-b957-5a7315d23e84"><testcase classname="tests.test_event_branding.TestEventBrandingAPI" name="test_get_branding_returns_200" time="0.086" /><testcase classname="tests.test_event_branding.TestEventBrandingAPI" name="test_get_branding_returns_correct_structure" time="0.061" /><testcase classname="tests.test_event_branding.TestEventBrandingAPI" name="test_get_branding_returns_default_values" time="0.072" /><testcase classname="tests.test_event_branding.TestEventBrandingAPI" name="test_get_branding_invalid_event_returns_404" time="0.070" /><testcase classname="tests.test_event_branding.TestEventBrandingAPI" name="test_get_branding_invalid_event_id_returns_400" time="0.061" /><testcase classname="tests.test_event_branding.TestEventBrandingAPI" name="test_update_branding_primary_color" time="0.102" /><testcase classname="tests.test_event_branding.TestEventBrandingAPI" name="test_update_branding_secondary_color" time="0.062" /><testcase classname="tests.test_event_branding.TestEventBrandingAPI" name="test_update_branding_font_family" time="0.061" /><testcase classname="tests.test_event_branding.TestEventBrandingAPI" name="test_update_branding_all_fonts" time="0.307" /><testcase classname="tests.test_event_branding.TestEventBrandingAPI" name="test_update_branding_invalid_font_returns_400" time="0.062" /><testcase classname="tests.test_event_branding.TestEventBrandingAPI" name="test_update_branding_invalid_primary_color_returns_400" time="0.061" /><testcase classname="tests.test_event_branding.TestEventBrandingAPI" name="test_update_branding_invalid_secondary_color_returns_400" time="0.055" /><testcase classname="tests.test_event_branding.TestEventBrandingAPI" name="test_update_branding_logo_urls" time="0.066" /><testcase classname="tests.test_event_branding.TestEventBrandingAPI" name="test_update_branding_cover_image_url" time="0.058" /><testcase classname="tests.test_event_branding.TestEventBrandingAPI" name="test_update_branding_multiple_fields" time="0.061" /><testcase classname="tests.test_event_branding.TestEventBrandingAPI" name="test_reset_branding_returns_200" time="0.063" /><testcase classname="tests.test_event_branding.TestEventBrandingAPI" name="test_reset_branding_restores_defaults" time="0.094" /><testcase classname="tests.test_event_branding.TestEventBrandingAPI" name="test_reset_branding_persists" time="0.132" /><testcase classname="tests.test_event_branding.TestEventBrandingAPI" name="test_reset_branding_invalid_event_returns_404" time="0.060" /></testsuite></testsuites>