<?xml version="1.0" encoding="utf-8"?><testsuites name="pytest tests"><testsuite name="pytest" errors="0" failures="0" skipped="0" tests="40" time="2.648" timestamp="2026-01-03T14:18:59.318085+00:00" hostname="agent-env-58f4b35d-66ca-4ff7-b989-16ee6aca36e2"><testcase classname="tests.test_communications_api.TestCampaignsAPI" name="test_get_campaigns_list" time="0.089" /><testcase classname="tests.test_communications_api.TestCampaignsAPI" name="test_get_campaign_stats" time="0.030" /><testcase classname="tests.test_communications_api.TestCampaignsAPI" name="test_get_audience_segments" time="0.033" /><testcase classname="tests.test_communications_api.TestCampaignsAPI" name="test_create_campaign_email" time="0.032" /><testcase classname="tests.test_communications_api.TestCampaignsAPI" name="test_create_campaign_sms" time="0.041" /><testcase classname="tests.test_communications_api.TestCampaignsAPI" name="test_create_campaign_scheduled" time="0.030" /><testcase classname="tests.test_communications_api.TestCampaignsAPI" name="test_create_campaign_validation_no_name" time="0.068" /><testcase classname="tests.test_communications_api.TestCampaignsAPI" name="test_create_campaign_validation_invalid_channel" time="0.031" /><testcase classname="tests.test_communications_api.TestCampaignsAPI" name="test_get_campaign_by_id" time="0.069" /><testcase classname="tests.test_communications_api.TestCampaignsAPI" name="test_get_campaign_not_found" time="0.028" /><testcase classname="tests.test_communications_api.TestCampaignsAPI" name="test_update_campaign" time="0.099" /><testcase classname="tests.test_communications_api.TestCampaignsAPI" name="test_update_campaign_not_found" time="0.034" /><testcase classname="tests.test_communications_api.TestCampaignsAPI" name="test_duplicate_campaign" time="0.079" /><testcase classname="tests.test_communications_api.TestCampaignsAPI" name="test_duplicate_campaign_not_found" time="0.028" /><testcase classname="tests.test_communications_api.TestCampaignsAPI" name="test_send_campaign" time="0.092" /><testcase classname="tests.test_communications_api.TestCampaignsAPI" name="test_send_campaign_already_sent" time="0.028" /><testcase classname="tests.test_communications_api.TestCampaignsAPI" name="test_schedule_campaign" time="0.059" /><testcase classname="tests.test_communications_api.TestCampaignsAPI" name="test_pause_scheduled_campaign" time="0.154" /><testcase classname="tests.test_communications_api.TestCampaignsAPI" name="test_resume_paused_campaign" time="0.109" /><testcase classname="tests.test_communications_api.TestCampaignsAPI" name="test_preview_audience" time="0.027" /><testcase classname="tests.test_communications_api.TestCampaignsAPI" name="test_delete_campaign" time="0.085" /><testcase classname="tests.test_communications_api.TestCampaignsAPI" name="test_delete_campaign_not_found" time="0.033" /><testcase classname="tests.test_communications_api.TestTemplatesAPI" name="test_get_templates_list" time="0.027" /><testcase classname="tests.test_communications_api.TestTemplatesAPI" name="test_get_template_variables" time="0.029" /><testcase classname="tests.test_communications_api.TestTemplatesAPI" name="test_create_template_email" time="0.069" /><testcase classname="tests.test_communications_api.TestTemplatesAPI" name="test_create_template_sms" time="0.029" /><testcase classname="tests.test_communications_api.TestTemplatesAPI" name="test_create_template_validation_no_name" time="0.027" /><testcase classname="tests.test_communications_api.TestTemplatesAPI" name="test_create_template_validation_no_content" time="0.029" /><testcase classname="tests.test_communications_api.TestTemplatesAPI" name="test_create_template_validation_invalid_channel" time="0.068" /><testcase classname="tests.test_communications_api.TestTemplatesAPI" name="test_get_template_by_id" time="0.069" /><testcase classname="tests.test_communications_api.TestTemplatesAPI" name="test_get_template_not_found" time="0.028" /><testcase classname="tests.test_communications_api.TestTemplatesAPI" name="test_update_template" time="0.064" /><testcase classname="tests.test_communications_api.TestTemplatesAPI" name="test_update_template_not_found" time="0.029" /><testcase classname="tests.test_communications_api.TestTemplatesAPI" name="test_duplicate_template" time="0.032" /><testcase classname="tests.test_communications_api.TestTemplatesAPI" name="test_duplicate_template_not_found" time="0.029" /><testcase classname="tests.test_communications_api.TestTemplatesAPI" name="test_delete_template" time="0.125" /><testcase classname="tests.test_communications_api.TestTemplatesAPI" name="test_delete_template_not_found" time="0.027" /><testcase classname="tests.test_communications_api.TestCampaignTemplateIntegration" name="test_create_campaign_with_template" time="0.098" /><testcase classname="tests.test_communications_api.TestCleanup" name="test_cleanup_test_campaigns" time="0.264" /><testcase classname="tests.test_communications_api.TestCleanup" name="test_cleanup_test_templates" time="0.158" /></testsuite></testsuites>