<?xml version="1.0" encoding="utf-8"?><testsuites name="pytest tests"><testsuite name="pytest" errors="0" failures="6" skipped="0" tests="33" time="3.091" timestamp="2026-01-22T07:00:06.878325+00:00" hostname="agent-env-d7049957-9785-47bc-9a8f-0954de5a7d0a"><testcase classname="tests.test_badge_booking_checkin.TestBadgeDesignAPI" name="test_get_badge_designs" time="0.097" /><testcase classname="tests.test_badge_booking_checkin.TestBadgeDesignAPI" name="test_get_badge_designs_returns_correct_structure" time="0.052" /><testcase classname="tests.test_badge_booking_checkin.TestBadgeDesignAPI" name="test_create_badge_design" time="0.073" /><testcase classname="tests.test_badge_booking_checkin.TestBadgeDesignAPI" name="test_create_badge_design_with_ticket_type" time="0.038" /><testcase classname="tests.test_badge_booking_checkin.TestBadgeDesignAPI" name="test_create_badge_design_missing_name" time="0.034" /><testcase classname="tests.test_badge_booking_checkin.TestBadgeDesignAPI" name="test_get_badge_design_by_id" time="0.065" /><testcase classname="tests.test_badge_booking_checkin.TestBadgeDesignAPI" name="test_get_badge_design_not_found" time="0.034" /><testcase classname="tests.test_badge_booking_checkin.TestBadgeDesignAPI" name="test_update_badge_design" time="0.135" /><testcase classname="tests.test_badge_booking_checkin.TestBadgeDesignAPI" name="test_get_design_for_ticket" time="0.071" /><testcase classname="tests.test_badge_booking_checkin.TestBadgeDesignAPI" name="test_get_design_for_specific_ticket_type" time="0.034" /><testcase classname="tests.test_badge_booking_checkin.TestBadgeDesignAPI" name="test_duplicate_badge_design" time="0.104" /><testcase classname="tests.test_badge_booking_checkin.TestBadgeDesignAPI" name="test_delete_badge_design" time="0.134" /><testcase classname="tests.test_badge_booking_checkin.TestBookingAPI" name="test_get_bookings" time="0.031" /><testcase classname="tests.test_badge_booking_checkin.TestBookingAPI" name="test_get_booking_by_id" time="0.066" /><testcase classname="tests.test_badge_booking_checkin.TestBookingAPI" name="test_create_booking_with_items" time="0.032" /><testcase classname="tests.test_badge_booking_checkin.TestBookingAPI" name="test_create_booking_multiple_items" time="0.073" /><testcase classname="tests.test_badge_booking_checkin.TestBookingAPI" name="test_confirm_booking_issues_tickets" time="0.109" /><testcase classname="tests.test_badge_booking_checkin.TestBookingAPI" name="test_confirm_booking_issues_multiple_tickets" time="0.072" /><testcase classname="tests.test_badge_booking_checkin.TestBookingAPI" name="test_confirm_already_confirmed_booking" time="0.111"><failure message="assert 520 == 400&#10; +  where 520 = &lt;Response [520]&gt;.status_code">tests/test_badge_booking_checkin.py:359: in test_confirm_already_confirmed_booking
    assert response.status_code == 400
E   assert 520 == 400
E    +  where 520 = &lt;Response [520]&gt;.status_code</failure></testcase><testcase classname="tests.test_badge_booking_checkin.TestBookingAPI" name="test_cancel_booking" time="0.128" /><testcase classname="tests.test_badge_booking_checkin.TestBookingAPI" name="test_get_booking_by_code_public" time="0.062"><failure message="assert 400 == 200&#10; +  where 400 = &lt;Response [400]&gt;.status_code">tests/test_badge_booking_checkin.py:388: in test_get_booking_by_code_public
    assert response.status_code == 200
E   assert 400 == 200
E    +  where 400 = &lt;Response [400]&gt;.status_code</failure></testcase><testcase classname="tests.test_badge_booking_checkin.TestIssuedTicketAPI" name="test_get_issued_tickets" time="0.032" /><testcase classname="tests.test_badge_booking_checkin.TestIssuedTicketAPI" name="test_get_issued_ticket_by_id" time="0.064" /><testcase classname="tests.test_badge_booking_checkin.TestIssuedTicketAPI" name="test_get_checkin_stats" time="0.031" /><testcase classname="tests.test_badge_booking_checkin.TestIssuedTicketAPI" name="test_checkin_by_unique_code" time="0.063" /><testcase classname="tests.test_badge_booking_checkin.TestIssuedTicketAPI" name="test_checkin_by_qr_payload" time="0.072" /><testcase classname="tests.test_badge_booking_checkin.TestIssuedTicketAPI" name="test_checkin_already_checked_in_ticket" time="0.066"><failure message="assert 400 == 200&#10; +  where 400 = &lt;Response [400]&gt;.status_code">tests/test_badge_booking_checkin.py:489: in test_checkin_already_checked_in_ticket
    assert response.status_code == 200
E   assert 400 == 200
E    +  where 400 = &lt;Response [400]&gt;.status_code</failure></testcase><testcase classname="tests.test_badge_booking_checkin.TestIssuedTicketAPI" name="test_checkin_invalid_code" time="0.030"><failure message="assert 400 == 200&#10; +  where 400 = &lt;Response [400]&gt;.status_code">tests/test_badge_booking_checkin.py:502: in test_checkin_invalid_code
    assert response.status_code == 200
E   assert 400 == 200
E    +  where 400 = &lt;Response [400]&gt;.status_code</failure></testcase><testcase classname="tests.test_badge_booking_checkin.TestIssuedTicketAPI" name="test_undo_checkin" time="0.137" /><testcase classname="tests.test_badge_booking_checkin.TestIssuedTicketAPI" name="test_undo_checkin_not_checked_in" time="0.061"><failure message="assert 400 == 200&#10; +  where 400 = &lt;Response [400]&gt;.status_code">tests/test_badge_booking_checkin.py:538: in test_undo_checkin_not_checked_in
    assert response.status_code == 200
E   assert 400 == 200
E    +  where 400 = &lt;Response [400]&gt;.status_code</failure></testcase><testcase classname="tests.test_badge_booking_checkin.TestIssuedTicketAPI" name="test_cancel_ticket" time="0.107" /><testcase classname="tests.test_badge_booking_checkin.TestIssuedTicketAPI" name="test_checkin_cancelled_ticket" time="0.101"><failure message="assert 400 == 200&#10; +  where 400 = &lt;Response [400]&gt;.status_code">tests/test_badge_booking_checkin.py:578: in test_checkin_cancelled_ticket
    assert response.status_code == 200
E   assert 400 == 200
E    +  where 400 = &lt;Response [400]&gt;.status_code</failure></testcase><testcase classname="tests.test_badge_booking_checkin.TestEndToEndFlow" name="test_complete_booking_to_checkin_flow" time="0.471" /></testsuite></testsuites>