<?xml version="1.0" encoding="utf-8"?><testsuites name="pytest tests"><testsuite name="pytest" errors="0" failures="0" skipped="0" tests="21" time="0.499" timestamp="2026-01-03T08:36:58.888161+00:00" hostname="agent-env-54517a26-29b7-4aaa-b8d9-e48508f3e82f"><testcase classname="tests.test_tickets_api.TestTicketsListAndStats" name="test_get_tickets_list" time="0.069" /><testcase classname="tests.test_tickets_api.TestTicketsListAndStats" name="test_get_tickets_invalid_event" time="0.008" /><testcase classname="tests.test_tickets_api.TestTicketsListAndStats" name="test_get_ticket_stats" time="0.006" /><testcase classname="tests.test_tickets_api.TestTicketCRUD" name="test_create_ticket_success" time="0.009" /><testcase classname="tests.test_tickets_api.TestTicketCRUD" name="test_create_free_ticket" time="0.009" /><testcase classname="tests.test_tickets_api.TestTicketCRUD" name="test_create_ticket_missing_name" time="0.012" /><testcase classname="tests.test_tickets_api.TestTicketCRUD" name="test_create_ticket_missing_price" time="0.009" /><testcase classname="tests.test_tickets_api.TestTicketCRUD" name="test_create_ticket_negative_price" time="0.006" /><testcase classname="tests.test_tickets_api.TestTicketCRUD" name="test_get_ticket_by_id" time="0.006" /><testcase classname="tests.test_tickets_api.TestTicketCRUD" name="test_get_ticket_not_found" time="0.005" /><testcase classname="tests.test_tickets_api.TestTicketCRUD" name="test_update_ticket" time="0.013" /><testcase classname="tests.test_tickets_api.TestTicketCRUD" name="test_update_ticket_not_found" time="0.006" /><testcase classname="tests.test_tickets_api.TestTicketActions" name="test_toggle_sales_pause" time="0.053" /><testcase classname="tests.test_tickets_api.TestTicketActions" name="test_toggle_sales_resume" time="0.009" /><testcase classname="tests.test_tickets_api.TestTicketActions" name="test_end_sales" time="0.020" /><testcase classname="tests.test_tickets_api.TestTicketActions" name="test_toggle_sales_on_ended_ticket" time="0.017" /><testcase classname="tests.test_tickets_api.TestTicketActions" name="test_duplicate_ticket" time="0.020" /><testcase classname="tests.test_tickets_api.TestTicketActions" name="test_duplicate_ticket_not_found" time="0.006" /><testcase classname="tests.test_tickets_api.TestTicketDelete" name="test_delete_ticket_success" time="0.029" /><testcase classname="tests.test_tickets_api.TestTicketDelete" name="test_delete_ticket_not_found" time="0.005" /><testcase classname="tests.test_tickets_api.TestCleanup" name="test_cleanup_test_tickets" time="0.034" /></testsuite></testsuites>