<?xml version="1.0" encoding="utf-8"?><testsuites name="pytest tests"><testsuite name="pytest" errors="0" failures="1" skipped="0" tests="9" time="1.211" timestamp="2026-01-02T14:56:45.897559+00:00" hostname="agent-env-54517a26-29b7-4aaa-b8d9-e48508f3e82f"><testcase classname="tests.test_file_upload_api.TestHealthCheck" name="test_api_health" time="0.078" /><testcase classname="tests.test_file_upload_api.TestSingleFileUpload" name="test_single_file_upload_success" time="0.120" /><testcase classname="tests.test_file_upload_api.TestSingleFileUpload" name="test_single_file_upload_no_file" time="0.058" /><testcase classname="tests.test_file_upload_api.TestMultipleFileUpload" name="test_multiple_file_upload_success" time="0.280" /><testcase classname="tests.test_file_upload_api.TestMultipleFileUpload" name="test_multiple_file_upload_no_files" time="0.057" /><testcase classname="tests.test_file_upload_api.TestEventsAPI" name="test_get_events_list" time="0.059" /><testcase classname="tests.test_file_upload_api.TestEventsAPI" name="test_create_event_with_file_urls" time="0.275" /><testcase classname="tests.test_file_upload_api.TestEventsAPI" name="test_get_events_metrics" time="0.101" /><testcase classname="tests.test_file_upload_api.TestSavedViews" name="test_get_saved_views" time="0.057"><failure message="AssertionError: assert False&#10; +  where False = isinstance({'data': []}, list)">tests/test_file_upload_api.py:275: in test_get_saved_views
    assert isinstance(data, list)
E   AssertionError: assert False
E    +  where False = isinstance({'data': []}, list)</failure></testcase></testsuite></testsuites>