<?xml version="1.0" encoding="utf-8"?><testsuites name="pytest tests"><testsuite name="pytest" errors="0" failures="0" skipped="0" tests="26" time="2.694" timestamp="2026-01-03T16:16:33.429616+00:00" hostname="agent-env-86aed4b5-174a-4f8c-b0e4-343487ad4d35"><testcase classname="tests.test_reports_api.TestReportsAPI" name="test_get_reports_list" time="0.096" /><testcase classname="tests.test_reports_api.TestReportsAPI" name="test_get_standard_reports" time="0.058" /><testcase classname="tests.test_reports_api.TestReportsAPI" name="test_get_data_sources" time="0.057" /><testcase classname="tests.test_reports_api.TestReportsAPI" name="test_create_report" time="0.098" /><testcase classname="tests.test_reports_api.TestReportsAPI" name="test_create_report_validation" time="0.064" /><testcase classname="tests.test_reports_api.TestReportsAPI" name="test_get_report_by_id" time="0.096" /><testcase classname="tests.test_reports_api.TestReportsAPI" name="test_get_report_not_found" time="0.058" /><testcase classname="tests.test_reports_api.TestReportsAPI" name="test_run_report" time="0.097" /><testcase classname="tests.test_reports_api.TestReportsAPI" name="test_run_report_with_data" time="0.062" /><testcase classname="tests.test_reports_api.TestReportsAPI" name="test_run_standard_report_registration_funnel" time="0.101" /><testcase classname="tests.test_reports_api.TestReportsAPI" name="test_run_standard_report_ticket_sales" time="0.102" /><testcase classname="tests.test_reports_api.TestReportsAPI" name="test_run_standard_report_revenue" time="0.054" /><testcase classname="tests.test_reports_api.TestReportsAPI" name="test_run_standard_report_attendance" time="0.055" /><testcase classname="tests.test_reports_api.TestReportsAPI" name="test_run_standard_report_geographic" time="0.104" /><testcase classname="tests.test_reports_api.TestReportsAPI" name="test_run_standard_report_not_found" time="0.057" /><testcase classname="tests.test_reports_api.TestReportsAPI" name="test_export_report_csv" time="0.057" /><testcase classname="tests.test_reports_api.TestReportsAPI" name="test_export_report_not_found" time="0.056" /><testcase classname="tests.test_reports_api.TestReportsAPI" name="test_get_report_runs" time="0.055" /><testcase classname="tests.test_reports_api.TestReportsAPI" name="test_update_report" time="0.119" /><testcase classname="tests.test_reports_api.TestReportsAPI" name="test_delete_report" time="0.127" /><testcase classname="tests.test_reports_api.TestReportsAPI" name="test_delete_report_not_found" time="0.055" /><testcase classname="tests.test_reports_api.TestReportsAPI" name="test_cleanup_test_reports" time="0.085" /><testcase classname="tests.test_reports_api.TestReportsAPIEdgeCases" name="test_create_report_with_all_fields" time="0.089" /><testcase classname="tests.test_reports_api.TestReportsAPIEdgeCases" name="test_run_report_with_options" time="0.060" /><testcase classname="tests.test_reports_api.TestReportsAPIEdgeCases" name="test_different_visualization_types" time="0.272" /><testcase classname="tests.test_reports_api.TestReportsAPIEdgeCases" name="test_different_categories" time="0.449" /></testsuite></testsuites>