<?xml version="1.0" encoding="utf-8"?><testsuites name="pytest tests"><testsuite name="pytest" errors="0" failures="0" skipped="0" tests="21" time="1.961" timestamp="2026-01-21T12:52:33.263044+00:00" hostname="agent-env-97b53990-4668-42f0-b957-5a7315d23e84"><testcase classname="tests.test_payment_tax.TestPaymentTaxGetSettings" name="test_get_event_settings_success" time="0.098" /><testcase classname="tests.test_payment_tax.TestPaymentTaxGetSettings" name="test_get_event_settings_saved_values" time="0.034" /><testcase classname="tests.test_payment_tax.TestPaymentTaxGetSettings" name="test_get_event_settings_invalid_event_id" time="0.069" /><testcase classname="tests.test_payment_tax.TestPaymentTaxGetSettings" name="test_get_event_settings_nonexistent_event" time="0.038" /><testcase classname="tests.test_payment_tax.TestPaymentTaxUpdateSettings" name="test_update_currency" time="0.255" /><testcase classname="tests.test_payment_tax.TestPaymentTaxUpdateSettings" name="test_update_all_currencies" time="0.436" /><testcase classname="tests.test_payment_tax.TestPaymentTaxUpdateSettings" name="test_update_invalid_currency" time="0.034" /><testcase classname="tests.test_payment_tax.TestPaymentTaxUpdateSettings" name="test_update_stripe_toggle" time="0.064" /><testcase classname="tests.test_payment_tax.TestPaymentTaxUpdateSettings" name="test_update_razorpay_toggle" time="0.103" /><testcase classname="tests.test_payment_tax.TestPaymentTaxUpdateSettings" name="test_update_offline_toggle" time="0.070" /><testcase classname="tests.test_payment_tax.TestPaymentTaxUpdateSettings" name="test_update_tax_configuration" time="0.063" /><testcase classname="tests.test_payment_tax.TestPaymentTaxUpdateSettings" name="test_update_tax_percentage_validation_min" time="0.036" /><testcase classname="tests.test_payment_tax.TestPaymentTaxUpdateSettings" name="test_update_tax_percentage_validation_max" time="0.031" /><testcase classname="tests.test_payment_tax.TestPaymentTaxUpdateSettings" name="test_update_invoice_details" time="0.063" /><testcase classname="tests.test_payment_tax.TestPaymentTaxUpdateSettings" name="test_update_all_fields_at_once" time="0.064" /><testcase classname="tests.test_payment_tax.TestPaymentTaxUpdateSettings" name="test_update_nonexistent_event" time="0.075" /><testcase classname="tests.test_payment_tax.TestPaymentTaxResetSettings" name="test_reset_settings" time="0.065" /><testcase classname="tests.test_payment_tax.TestPaymentTaxResetSettings" name="test_reset_nonexistent_event" time="0.071" /><testcase classname="tests.test_payment_tax.TestPaymentTaxDataPersistence" name="test_update_and_verify_persistence" time="0.095" /><testcase classname="tests.test_payment_tax.TestCurrencyDropdownOptions" name="test_all_currencies_count" time="0.000" /><testcase classname="tests.test_payment_tax.TestCurrencyDropdownOptions" name="test_currencies_include_required" time="0.001" /></testsuite></testsuites>