<?xml version="1.0" encoding="utf-8"?><testsuites name="pytest tests"><testsuite name="pytest" errors="0" failures="0" skipped="0" tests="34" time="4.193" timestamp="2026-01-03T15:39:30.657884+00:00" hostname="agent-env-58f4b35d-66ca-4ff7-b989-16ee6aca36e2"><testcase classname="tests.test_audience_segments_settings_api.TestAudienceSegmentsAPI" name="test_get_segments_list" time="0.082" /><testcase classname="tests.test_audience_segments_settings_api.TestAudienceSegmentsAPI" name="test_get_filter_fields" time="0.061" /><testcase classname="tests.test_audience_segments_settings_api.TestAudienceSegmentsAPI" name="test_create_segment" time="0.128" /><testcase classname="tests.test_audience_segments_settings_api.TestAudienceSegmentsAPI" name="test_create_segment_validation_name_required" time="0.074" /><testcase classname="tests.test_audience_segments_settings_api.TestAudienceSegmentsAPI" name="test_create_segment_validation_match_type" time="0.061" /><testcase classname="tests.test_audience_segments_settings_api.TestAudienceSegmentsAPI" name="test_get_segment_by_id" time="0.179" /><testcase classname="tests.test_audience_segments_settings_api.TestAudienceSegmentsAPI" name="test_get_segment_not_found" time="0.058" /><testcase classname="tests.test_audience_segments_settings_api.TestAudienceSegmentsAPI" name="test_update_segment" time="0.246" /><testcase classname="tests.test_audience_segments_settings_api.TestAudienceSegmentsAPI" name="test_update_segment_not_found" time="0.057" /><testcase classname="tests.test_audience_segments_settings_api.TestAudienceSegmentsAPI" name="test_delete_segment" time="0.216" /><testcase classname="tests.test_audience_segments_settings_api.TestAudienceSegmentsAPI" name="test_delete_segment_not_found" time="0.054" /><testcase classname="tests.test_audience_segments_settings_api.TestAudienceSegmentsAPI" name="test_preview_segment" time="0.058" /><testcase classname="tests.test_audience_segments_settings_api.TestAudienceSegmentsAPI" name="test_preview_segment_validation" time="0.056" /><testcase classname="tests.test_audience_segments_settings_api.TestAudienceSegmentsAPI" name="test_refresh_segment" time="0.184" /><testcase classname="tests.test_audience_segments_settings_api.TestAudienceSegmentsAPI" name="test_refresh_segment_not_found" time="0.053" /><testcase classname="tests.test_audience_segments_settings_api.TestAudienceSegmentsAPI" name="test_get_segment_members" time="0.170" /><testcase classname="tests.test_audience_segments_settings_api.TestAudienceSegmentsAPI" name="test_create_segment_with_multiple_rules" time="0.120" /><testcase classname="tests.test_audience_segments_settings_api.TestAudienceSegmentsAPI" name="test_create_segment_with_any_match_type" time="0.127" /><testcase classname="tests.test_audience_segments_settings_api.TestCommunicationSettingsAPI" name="test_get_communication_settings" time="0.110" /><testcase classname="tests.test_audience_segments_settings_api.TestCommunicationSettingsAPI" name="test_update_communication_settings" time="0.164" /><testcase classname="tests.test_audience_segments_settings_api.TestCommunicationSettingsAPI" name="test_update_settings_invalid_email" time="0.110" /><testcase classname="tests.test_audience_segments_settings_api.TestCommunicationSettingsAPI" name="test_update_settings_invalid_quiet_hours_format" time="0.156" /><testcase classname="tests.test_audience_segments_settings_api.TestCommunicationSettingsAPI" name="test_update_settings_partial" time="0.118" /><testcase classname="tests.test_audience_segments_settings_api.TestCommunicationSettingsAPI" name="test_validate_settings_email" time="0.111" /><testcase classname="tests.test_audience_segments_settings_api.TestCommunicationSettingsAPI" name="test_validate_settings_sms" time="0.150" /><testcase classname="tests.test_audience_segments_settings_api.TestCommunicationSettingsAPI" name="test_validate_settings_invalid_channel" time="0.109" /><testcase classname="tests.test_audience_segments_settings_api.TestCommunicationSettingsAPI" name="test_get_quiet_hours_status" time="0.110" /><testcase classname="tests.test_audience_segments_settings_api.TestCommunicationSettingsAPI" name="test_quiet_hours_with_configured_times" time="0.178" /><testcase classname="tests.test_audience_segments_settings_api.TestCommunicationSettingsAPI" name="test_reset_settings" time="0.168" /><testcase classname="tests.test_audience_segments_settings_api.TestCommunicationSettingsAPI" name="test_disable_email_channel" time="0.209" /><testcase classname="tests.test_audience_segments_settings_api.TestCommunicationSettingsAPI" name="test_disable_sms_channel" time="0.180" /><testcase classname="tests.test_audience_segments_settings_api.TestExistingSegments" name="test_existing_segments_present" time="0.056" /><testcase classname="tests.test_audience_segments_settings_api.TestExistingSegments" name="test_get_existing_segment_by_id_1" time="0.056" /><testcase classname="tests.test_audience_segments_settings_api.TestExistingSegments" name="test_get_existing_segment_by_id_2" time="0.055" /></testsuite></testsuites>