<?xml version="1.0" encoding="utf-8"?><testsuites name="pytest tests"><testsuite name="pytest" errors="0" failures="0" skipped="0" tests="9" time="0.829" timestamp="2026-01-19T13:50:06.119038+00:00" hostname="agent-env-97b53990-4668-42f0-b957-5a7315d23e84"><testcase classname="tests.test_event_creation_api.TestMasterDataAPIs" name="test_get_categories" time="0.079" /><testcase classname="tests.test_event_creation_api.TestMasterDataAPIs" name="test_get_tags" time="0.065" /><testcase classname="tests.test_event_creation_api.TestMasterDataAPIs" name="test_get_tags_with_search" time="0.060" /><testcase classname="tests.test_event_creation_api.TestMasterDataAPIs" name="test_create_category" time="0.061" /><testcase classname="tests.test_event_creation_api.TestMasterDataAPIs" name="test_create_tag" time="0.065" /><testcase classname="tests.test_event_creation_api.TestEventCreationAPI" name="test_create_event_with_category_and_tags" time="0.190" /><testcase classname="tests.test_event_creation_api.TestEventCreationAPI" name="test_create_event_minimal" time="0.058" /><testcase classname="tests.test_event_creation_api.TestEventListAPI" name="test_get_events_list" time="0.059" /><testcase classname="tests.test_event_creation_api.TestAuthAPI" name="test_login" time="0.142" /></testsuite></testsuites>