<?xml version="1.0" encoding="utf-8"?><testsuites name="pytest tests"><testsuite name="pytest" errors="0" failures="0" skipped="0" tests="19" time="0.916" timestamp="2026-01-02T16:20:11.580346+00:00" hostname="agent-env-54517a26-29b7-4aaa-b8d9-e48508f3e82f"><testcase classname="tests.test_event_overview_api.TestEventDetailsAPI" name="test_get_event_by_id_success" time="0.078" /><testcase classname="tests.test_event_overview_api.TestEventDetailsAPI" name="test_get_event_invalid_id" time="0.035" /><testcase classname="tests.test_event_overview_api.TestEventDetailsAPI" name="test_get_event_not_found" time="0.043" /><testcase classname="tests.test_event_overview_api.TestOverviewMetricsAPI" name="test_get_metrics_success" time="0.041" /><testcase classname="tests.test_event_overview_api.TestOverviewMetricsAPI" name="test_get_metrics_with_date_range" time="0.040" /><testcase classname="tests.test_event_overview_api.TestOverviewMetricsAPI" name="test_get_metrics_invalid_event" time="0.036" /><testcase classname="tests.test_event_overview_api.TestOverviewMetricsAPI" name="test_get_metrics_not_found" time="0.047" /><testcase classname="tests.test_event_overview_api.TestRegistrationFunnelAPI" name="test_get_funnel_success" time="0.043" /><testcase classname="tests.test_event_overview_api.TestRegistrationFunnelAPI" name="test_get_funnel_with_date_range" time="0.043" /><testcase classname="tests.test_event_overview_api.TestRegistrationFunnelAPI" name="test_get_funnel_invalid_event" time="0.038" /><testcase classname="tests.test_event_overview_api.TestTicketInventoryAPI" name="test_get_tickets_success" time="0.036" /><testcase classname="tests.test_event_overview_api.TestTicketInventoryAPI" name="test_get_tickets_invalid_event" time="0.038" /><testcase classname="tests.test_event_overview_api.TestTicketInventoryAPI" name="test_get_tickets_not_found" time="0.037" /><testcase classname="tests.test_event_overview_api.TestAttentionAlertsAPI" name="test_get_alerts_success" time="0.036" /><testcase classname="tests.test_event_overview_api.TestAttentionAlertsAPI" name="test_get_alerts_invalid_event" time="0.036" /><testcase classname="tests.test_event_overview_api.TestActivityTimelineAPI" name="test_get_activity_success" time="0.037" /><testcase classname="tests.test_event_overview_api.TestActivityTimelineAPI" name="test_get_activity_with_limit" time="0.037" /><testcase classname="tests.test_event_overview_api.TestActivityTimelineAPI" name="test_get_activity_invalid_event" time="0.038" /><testcase classname="tests.test_event_overview_api.TestEventsListAPI" name="test_get_events_list" time="0.038" /></testsuite></testsuites>