<?xml version="1.0" encoding="utf-8"?><testsuites name="pytest tests"><testsuite name="pytest" errors="0" failures="0" skipped="0" tests="14" time="4.182" timestamp="2026-01-21T08:50:56.295479+00:00" hostname="agent-env-97b53990-4668-42f0-b957-5a7315d23e84"><testcase classname="tests.test_event_setup_form.TestMasterDataAPIs" name="test_get_categories" time="0.086" /><testcase classname="tests.test_event_setup_form.TestMasterDataAPIs" name="test_get_tags" time="0.057" /><testcase classname="tests.test_event_setup_form.TestMasterDataAPIs" name="test_get_users" time="0.064" /><testcase classname="tests.test_event_setup_form.TestMeetingIntegration" name="test_meeting_integration_status" time="0.056" /><testcase classname="tests.test_event_setup_form.TestMeetingIntegration" name="test_generate_zoom_meeting" time="0.743" /><testcase classname="tests.test_event_setup_form.TestMeetingIntegration" name="test_generate_google_meet" time="1.129" /><testcase classname="tests.test_event_setup_form.TestAuthentication" name="test_login_success" time="0.134" /><testcase classname="tests.test_event_setup_form.TestAuthentication" name="test_login_invalid_credentials" time="0.055" /><testcase classname="tests.test_event_setup_form.TestEventCreation" name="test_create_event_with_category_and_tags" time="0.301" /><testcase classname="tests.test_event_setup_form.TestEventCreation" name="test_create_virtual_event_with_meeting_url" time="0.190" /><testcase classname="tests.test_event_setup_form.TestEventCreation" name="test_create_hybrid_event_with_all_fields" time="0.370" /><testcase classname="tests.test_event_setup_form.TestEventCreation" name="test_verify_event_tags_junction_table" time="0.304" /><testcase classname="tests.test_event_setup_form.TestTimezoneSupport" name="test_create_event_with_asia_kolkata_timezone" time="0.192" /><testcase classname="tests.test_event_setup_form.TestTimezoneSupport" name="test_create_event_with_various_timezones" time="0.420" /></testsuite></testsuites>