<?xml version="1.0" encoding="utf-8"?><testsuites name="pytest tests"><testsuite name="pytest" errors="0" failures="2" skipped="0" tests="26" time="53.057" timestamp="2026-01-03T16:15:21.299992+00:00" hostname="agent-env-86aed4b5-174a-4f8c-b0e4-343487ad4d35"><testcase classname="tests.test_reports_api.TestReportsAPI" name="test_get_reports_list" time="11.308" /><testcase classname="tests.test_reports_api.TestReportsAPI" name="test_get_standard_reports" time="19.599" /><testcase classname="tests.test_reports_api.TestReportsAPI" name="test_get_data_sources" time="0.076" /><testcase classname="tests.test_reports_api.TestReportsAPI" name="test_create_report" time="0.064" /><testcase classname="tests.test_reports_api.TestReportsAPI" name="test_create_report_validation" time="0.094" /><testcase classname="tests.test_reports_api.TestReportsAPI" name="test_get_report_by_id" time="0.056" /><testcase classname="tests.test_reports_api.TestReportsAPI" name="test_get_report_not_found" time="0.053" /><testcase classname="tests.test_reports_api.TestReportsAPI" name="test_run_report" time="0.061" /><testcase classname="tests.test_reports_api.TestReportsAPI" name="test_run_report_with_data" time="0.063" /><testcase classname="tests.test_reports_api.TestReportsAPI" name="test_run_standard_report_registration_funnel" time="0.058" /><testcase classname="tests.test_reports_api.TestReportsAPI" name="test_run_standard_report_ticket_sales" time="19.440" /><testcase classname="tests.test_reports_api.TestReportsAPI" name="test_run_standard_report_revenue" time="0.076" /><testcase classname="tests.test_reports_api.TestReportsAPI" name="test_run_standard_report_attendance" time="0.096" /><testcase classname="tests.test_reports_api.TestReportsAPI" name="test_run_standard_report_geographic" time="0.060" /><testcase classname="tests.test_reports_api.TestReportsAPI" name="test_run_standard_report_not_found" time="0.069"><failure message="AssertionError: Expected 500 for invalid standard report, got 520&#10;assert 520 == 500&#10; +  where 520 = &lt;Response [520]&gt;.status_code">tests/test_reports_api.py:277: in test_run_standard_report_not_found
    assert response.status_code == 500, f"Expected 500 for invalid standard report, got {response.status_code}"
E   AssertionError: Expected 500 for invalid standard report, got 520
E   assert 520 == 500
E    +  where 520 = &lt;Response [520]&gt;.status_code</failure></testcase><testcase classname="tests.test_reports_api.TestReportsAPI" name="test_export_report_csv" time="0.059" /><testcase classname="tests.test_reports_api.TestReportsAPI" name="test_export_report_not_found" time="0.060"><failure message="AssertionError: Expected 500 for non-existent report, got 520&#10;assert 520 == 500&#10; +  where 520 = &lt;Response [520]&gt;.status_code">tests/test_reports_api.py:308: in test_export_report_not_found
    assert response.status_code == 500, f"Expected 500 for non-existent report, got {response.status_code}"
E   AssertionError: Expected 500 for non-existent report, got 520
E   assert 520 == 500
E    +  where 520 = &lt;Response [520]&gt;.status_code</failure></testcase><testcase classname="tests.test_reports_api.TestReportsAPI" name="test_get_report_runs" time="0.054" /><testcase classname="tests.test_reports_api.TestReportsAPI" name="test_update_report" time="0.160" /><testcase classname="tests.test_reports_api.TestReportsAPI" name="test_delete_report" time="0.115" /><testcase classname="tests.test_reports_api.TestReportsAPI" name="test_delete_report_not_found" time="0.060" /><testcase classname="tests.test_reports_api.TestReportsAPI" name="test_cleanup_test_reports" time="0.123" /><testcase classname="tests.test_reports_api.TestReportsAPIEdgeCases" name="test_create_report_with_all_fields" time="0.093" /><testcase classname="tests.test_reports_api.TestReportsAPIEdgeCases" name="test_run_report_with_options" time="0.063" /><testcase classname="tests.test_reports_api.TestReportsAPIEdgeCases" name="test_different_visualization_types" time="0.314" /><testcase classname="tests.test_reports_api.TestReportsAPIEdgeCases" name="test_different_categories" time="0.604" /></testsuite></testsuites>