<?xml version="1.0" encoding="utf-8"?><testsuites name="pytest tests"><testsuite name="pytest" errors="0" failures="0" skipped="0" tests="30" time="2.583" timestamp="2026-01-03T11:14:07.360795+00:00" hostname="agent-env-ce470614-ccdf-4e26-9a10-388d87fcd8d0"><testcase classname="tests.test_addons_promos_settings_api.TestAddonsAPI" name="test_get_addons_list" time="0.090" /><testcase classname="tests.test_addons_promos_settings_api.TestAddonsAPI" name="test_create_addon_success" time="0.067" /><testcase classname="tests.test_addons_promos_settings_api.TestAddonsAPI" name="test_create_addon_validation_name_required" time="0.064" /><testcase classname="tests.test_addons_promos_settings_api.TestAddonsAPI" name="test_create_addon_validation_negative_price" time="0.055" /><testcase classname="tests.test_addons_promos_settings_api.TestAddonsAPI" name="test_get_addon_by_id" time="0.059" /><testcase classname="tests.test_addons_promos_settings_api.TestAddonsAPI" name="test_get_addon_not_found" time="0.057" /><testcase classname="tests.test_addons_promos_settings_api.TestAddonsAPI" name="test_update_addon" time="0.111" /><testcase classname="tests.test_addons_promos_settings_api.TestAddonsAPI" name="test_toggle_addon_status" time="0.182" /><testcase classname="tests.test_addons_promos_settings_api.TestAddonsAPI" name="test_delete_addon" time="0.115" /><testcase classname="tests.test_addons_promos_settings_api.TestPromoCodesAPI" name="test_get_promo_codes_list" time="0.057" /><testcase classname="tests.test_addons_promos_settings_api.TestPromoCodesAPI" name="test_create_promo_code_percentage" time="0.065" /><testcase classname="tests.test_addons_promos_settings_api.TestPromoCodesAPI" name="test_create_promo_code_fixed" time="0.118" /><testcase classname="tests.test_addons_promos_settings_api.TestPromoCodesAPI" name="test_create_promo_validation_code_required" time="0.054" /><testcase classname="tests.test_addons_promos_settings_api.TestPromoCodesAPI" name="test_create_promo_validation_discount_type" time="0.059" /><testcase classname="tests.test_addons_promos_settings_api.TestPromoCodesAPI" name="test_create_promo_validation_percentage_max" time="0.055" /><testcase classname="tests.test_addons_promos_settings_api.TestPromoCodesAPI" name="test_create_promo_validation_positive_value" time="0.053" /><testcase classname="tests.test_addons_promos_settings_api.TestPromoCodesAPI" name="test_get_promo_code_by_id" time="0.057" /><testcase classname="tests.test_addons_promos_settings_api.TestPromoCodesAPI" name="test_get_promo_code_not_found" time="0.054" /><testcase classname="tests.test_addons_promos_settings_api.TestPromoCodesAPI" name="test_update_promo_code" time="0.150" /><testcase classname="tests.test_addons_promos_settings_api.TestPromoCodesAPI" name="test_toggle_promo_status" time="0.213" /><testcase classname="tests.test_addons_promos_settings_api.TestPromoCodesAPI" name="test_delete_promo_code" time="0.118" /><testcase classname="tests.test_addons_promos_settings_api.TestEventSettingsAPI" name="test_get_event_settings" time="0.056" /><testcase classname="tests.test_addons_promos_settings_api.TestEventSettingsAPI" name="test_update_tax_fees_settings" time="0.110" /><testcase classname="tests.test_addons_promos_settings_api.TestEventSettingsAPI" name="test_update_refund_policy_settings" time="0.062" /><testcase classname="tests.test_addons_promos_settings_api.TestEventSettingsAPI" name="test_update_ticket_sales_rules" time="0.059" /><testcase classname="tests.test_addons_promos_settings_api.TestEventSettingsAPI" name="test_update_visibility_rules" time="0.059" /><testcase classname="tests.test_addons_promos_settings_api.TestEventSettingsAPI" name="test_update_approval_mode" time="0.058" /><testcase classname="tests.test_addons_promos_settings_api.TestEventSettingsAPI" name="test_update_confirmation_invoices" time="0.062" /><testcase classname="tests.test_addons_promos_settings_api.TestEventSettingsAPI" name="test_update_capacity_rules" time="0.056" /><testcase classname="tests.test_addons_promos_settings_api.TestEventSettingsAPI" name="test_restore_original_settings" time="0.060" /></testsuite></testsuites>