<?xml version="1.0" encoding="utf-8"?><testsuites name="pytest tests"><testsuite name="pytest" errors="0" failures="0" skipped="0" tests="23" time="1.923" timestamp="2026-01-22T12:51:31.204997+00:00" hostname="agent-env-5a077137-a100-47a7-a1d8-12a67204897b"><testcase classname="tests.test_privacy_settings_api.TestPrivacySettingsAPI" name="test_get_privacy_settings_success" time="0.095" /><testcase classname="tests.test_privacy_settings_api.TestPrivacySettingsAPI" name="test_get_privacy_settings_invalid_event_id" time="0.068" /><testcase classname="tests.test_privacy_settings_api.TestPrivacySettingsAPI" name="test_get_privacy_settings_nonexistent_event" time="0.070" /><testcase classname="tests.test_privacy_settings_api.TestPrivacySettingsAPI" name="test_update_privacy_settings_gdpr_enabled" time="0.073" /><testcase classname="tests.test_privacy_settings_api.TestPrivacySettingsAPI" name="test_update_privacy_settings_privacy_policy_url" time="0.153" /><testcase classname="tests.test_privacy_settings_api.TestPrivacySettingsAPI" name="test_update_privacy_settings_data_retention_90_days" time="0.066" /><testcase classname="tests.test_privacy_settings_api.TestPrivacySettingsAPI" name="test_update_privacy_settings_data_retention_180_days" time="0.059" /><testcase classname="tests.test_privacy_settings_api.TestPrivacySettingsAPI" name="test_update_privacy_settings_data_retention_365_days" time="0.072" /><testcase classname="tests.test_privacy_settings_api.TestPrivacySettingsAPI" name="test_update_privacy_settings_data_retention_forever" time="0.078" /><testcase classname="tests.test_privacy_settings_api.TestPrivacySettingsAPI" name="test_update_privacy_settings_invalid_data_retention" time="0.085" /><testcase classname="tests.test_privacy_settings_api.TestPrivacySettingsAPI" name="test_update_privacy_settings_cookie_consent" time="0.066" /><testcase classname="tests.test_privacy_settings_api.TestPrivacySettingsAPI" name="test_update_privacy_settings_custom_consent_text" time="0.067" /><testcase classname="tests.test_privacy_settings_api.TestPrivacySettingsAPI" name="test_update_privacy_settings_multiple_fields" time="0.078" /><testcase classname="tests.test_privacy_settings_api.TestPrivacySettingsAPI" name="test_reset_to_global_defaults" time="0.211" /><testcase classname="tests.test_privacy_settings_api.TestPrivacySettingsAPI" name="test_reset_returns_global_settings" time="0.065" /><testcase classname="tests.test_privacy_settings_api.TestPrivacySettingsAPI" name="test_export_event_data_csv" time="0.065" /><testcase classname="tests.test_privacy_settings_api.TestPrivacySettingsAPI" name="test_export_event_data_csv_content" time="0.059" /><testcase classname="tests.test_privacy_settings_api.TestPrivacySettingsAPI" name="test_export_event_data_invalid_event_id" time="0.055" /><testcase classname="tests.test_privacy_settings_api.TestPrivacySettingsGlobalFallback" name="test_new_event_uses_global_defaults" time="0.059" /><testcase classname="tests.test_privacy_settings_api.TestPrivacySettingsGlobalFallback" name="test_event_with_custom_settings_not_global" time="0.124" /><testcase classname="tests.test_privacy_settings_api.TestPrivacySettingsValidation" name="test_invalid_event_id_format" time="0.061" /><testcase classname="tests.test_privacy_settings_api.TestPrivacySettingsValidation" name="test_empty_update_payload" time="0.067" /><testcase classname="tests.test_privacy_settings_api.TestPrivacySettingsValidation" name="test_null_privacy_policy_url" time="0.061" /></testsuite></testsuites>