<?xml version="1.0" encoding="utf-8"?><testsuites name="pytest tests"><testsuite name="pytest" errors="0" failures="0" skipped="0" tests="28" time="2.271" timestamp="2026-01-19T09:55:40.832536+00:00" hostname="agent-env-86aed4b5-174a-4f8c-b0e4-343487ad4d35"><testcase classname="tests.test_master_data_event_general_api.TestMasterDataCategories" name="test_get_categories_returns_list" time="0.130" /><testcase classname="tests.test_master_data_event_general_api.TestMasterDataCategories" name="test_get_categories_contains_expected_categories" time="0.035" /><testcase classname="tests.test_master_data_event_general_api.TestMasterDataCategories" name="test_create_category_success" time="0.112" /><testcase classname="tests.test_master_data_event_general_api.TestMasterDataCategories" name="test_create_category_without_name_fails" time="0.070" /><testcase classname="tests.test_master_data_event_general_api.TestMasterDataCategories" name="test_create_duplicate_category_fails" time="0.162" /><testcase classname="tests.test_master_data_event_general_api.TestMasterDataTags" name="test_get_tags_returns_list" time="0.033" /><testcase classname="tests.test_master_data_event_general_api.TestMasterDataTags" name="test_get_tags_contains_expected_tags" time="0.032" /><testcase classname="tests.test_master_data_event_general_api.TestMasterDataTags" name="test_get_tags_with_search_filter" time="0.032" /><testcase classname="tests.test_master_data_event_general_api.TestMasterDataTags" name="test_create_tag_success" time="0.064" /><testcase classname="tests.test_master_data_event_general_api.TestMasterDataTags" name="test_create_tag_without_name_fails" time="0.031" /><testcase classname="tests.test_master_data_event_general_api.TestMasterDataTags" name="test_create_tag_generates_random_color_if_not_provided" time="0.114" /><testcase classname="tests.test_master_data_event_general_api.TestMasterDataUsers" name="test_get_users_returns_list" time="0.032" /><testcase classname="tests.test_master_data_event_general_api.TestMasterDataUsers" name="test_get_users_contains_admin_user" time="0.031" /><testcase classname="tests.test_master_data_event_general_api.TestEventGeneralDetails" name="test_get_event_general_details_success" time="0.034" /><testcase classname="tests.test_master_data_event_general_api.TestEventGeneralDetails" name="test_get_event_general_details_includes_category_object" time="0.033" /><testcase classname="tests.test_master_data_event_general_api.TestEventGeneralDetails" name="test_get_event_general_details_includes_tags_array" time="0.034" /><testcase classname="tests.test_master_data_event_general_api.TestEventGeneralDetails" name="test_get_event_general_details_invalid_id_returns_400" time="0.031" /><testcase classname="tests.test_master_data_event_general_api.TestEventGeneralDetails" name="test_get_event_general_details_not_found_returns_404" time="0.073" /><testcase classname="tests.test_master_data_event_general_api.TestEventGeneralDetails" name="test_update_event_general_details_basic_info" time="0.112" /><testcase classname="tests.test_master_data_event_general_api.TestEventGeneralDetails" name="test_update_event_general_details_tag_assignment" time="0.104" /><testcase classname="tests.test_master_data_event_general_api.TestEventGeneralDetails" name="test_update_event_general_details_cohost_assignment" time="0.106" /><testcase classname="tests.test_master_data_event_general_api.TestEventGeneralDetails" name="test_update_event_general_details_location_fields" time="0.104" /><testcase classname="tests.test_master_data_event_general_api.TestEventGeneralDetails" name="test_update_event_general_details_accessibility_safety" time="0.110" /><testcase classname="tests.test_master_data_event_general_api.TestEventGeneralDetails" name="test_update_event_general_details_promo_video_url" time="0.104" /><testcase classname="tests.test_master_data_event_general_api.TestEventGeneralDetails" name="test_update_event_general_details_invalid_event_returns_404" time="0.073" /><testcase classname="tests.test_master_data_event_general_api.TestEventMedia" name="test_get_event_media_returns_list" time="0.031" /><testcase classname="tests.test_master_data_event_general_api.TestEventMedia" name="test_add_and_delete_event_media" time="0.184" /><testcase classname="tests.test_master_data_event_general_api.TestEventMedia" name="test_add_media_missing_required_fields_returns_400" time="0.031" /></testsuite></testsuites>