<?xml version="1.0" encoding="utf-8"?><testsuites name="pytest tests"><testsuite name="pytest" errors="0" failures="0" skipped="0" tests="30" time="4.627" timestamp="2026-01-23T07:14:42.270571+00:00" hostname="agent-env-5a077137-a100-47a7-a1d8-12a67204897b"><testcase classname="tests.test_unified_ticket_booking.TestUnifiedTicketIssue" name="test_issue_ticket_success" time="0.114" /><testcase classname="tests.test_unified_ticket_booking.TestUnifiedTicketIssue" name="test_issue_ticket_minimal_fields" time="0.073" /><testcase classname="tests.test_unified_ticket_booking.TestUnifiedTicketIssue" name="test_issue_ticket_missing_holder_name" time="0.058" /><testcase classname="tests.test_unified_ticket_booking.TestUnifiedTicketIssue" name="test_issue_ticket_invalid_event_id" time="0.061" /><testcase classname="tests.test_unified_ticket_booking.TestUnifiedTicketLookup" name="test_get_event_tickets" time="0.059" /><testcase classname="tests.test_unified_ticket_booking.TestUnifiedTicketLookup" name="test_get_event_tickets_with_pagination" time="0.060" /><testcase classname="tests.test_unified_ticket_booking.TestUnifiedTicketLookup" name="test_get_event_tickets_filter_by_status" time="0.065" /><testcase classname="tests.test_unified_ticket_booking.TestUnifiedTicketLookup" name="test_get_event_tickets_filter_by_checked_in" time="0.060" /><testcase classname="tests.test_unified_ticket_booking.TestUnifiedTicketLookup" name="test_get_event_tickets_search" time="0.059" /><testcase classname="tests.test_unified_ticket_booking.TestUnifiedTicketLookup" name="test_get_ticket_by_id" time="0.123" /><testcase classname="tests.test_unified_ticket_booking.TestUnifiedTicketLookup" name="test_get_ticket_by_id_not_found" time="0.054" /><testcase classname="tests.test_unified_ticket_booking.TestUnifiedTicketLookup" name="test_get_ticket_by_code" time="0.158" /><testcase classname="tests.test_unified_ticket_booking.TestUnifiedTicketStats" name="test_get_ticket_stats" time="0.098" /><testcase classname="tests.test_unified_ticket_booking.TestUnifiedTicketStats" name="test_stats_reflect_ticket_operations" time="0.252" /><testcase classname="tests.test_unified_ticket_booking.TestUnifiedTicketCheckIn" name="test_checkin_with_unique_code" time="0.184" /><testcase classname="tests.test_unified_ticket_booking.TestUnifiedTicketCheckIn" name="test_checkin_with_qr_payload" time="0.180" /><testcase classname="tests.test_unified_ticket_booking.TestUnifiedTicketCheckIn" name="test_checkin_already_checked_in" time="0.254" /><testcase classname="tests.test_unified_ticket_booking.TestUnifiedTicketCheckIn" name="test_checkin_missing_code" time="0.179" /><testcase classname="tests.test_unified_ticket_booking.TestUnifiedTicketCheckIn" name="test_checkin_invalid_code" time="0.176" /><testcase classname="tests.test_unified_ticket_booking.TestUnifiedTicketUndoCheckIn" name="test_undo_checkin_success" time="0.235" /><testcase classname="tests.test_unified_ticket_booking.TestUnifiedTicketUndoCheckIn" name="test_undo_checkin_allows_recheckin" time="0.296" /><testcase classname="tests.test_unified_ticket_booking.TestUnifiedTicketCancel" name="test_cancel_ticket_success" time="0.185" /><testcase classname="tests.test_unified_ticket_booking.TestUnifiedTicketCancel" name="test_cancel_ticket_prevents_checkin" time="0.236" /><testcase classname="tests.test_unified_ticket_booking.TestUnifiedTicketUpdate" name="test_update_ticket_holder_info" time="0.180" /><testcase classname="tests.test_unified_ticket_booking.TestUnifiedTicketUpdate" name="test_update_ticket_notes" time="0.185" /><testcase classname="tests.test_unified_ticket_booking.TestUnifiedTicketUpdate" name="test_update_ticket_persists" time="0.233" /><testcase classname="tests.test_unified_ticket_booking.TestUnifiedTicketEdgeCases" name="test_invalid_event_id_format" time="0.055" /><testcase classname="tests.test_unified_ticket_booking.TestUnifiedTicketEdgeCases" name="test_checkin_wrong_event" time="0.177" /><testcase classname="tests.test_unified_ticket_booking.TestUnifiedTicketEdgeCases" name="test_case_insensitive_unique_code" time="0.193" /><testcase classname="tests.test_unified_ticket_booking.TestCleanup" name="test_cleanup_test_tickets" time="0.230" /></testsuite></testsuites>