<?xml version="1.0" encoding="utf-8"?><testsuites name="pytest tests"><testsuite name="pytest" errors="0" failures="13" skipped="0" tests="23" time="2.105" timestamp="2026-01-22T12:50:22.414356+00:00" hostname="agent-env-5a077137-a100-47a7-a1d8-12a67204897b"><testcase classname="tests.test_privacy_settings_api.TestPrivacySettingsAPI" name="test_get_privacy_settings_success" time="0.103" /><testcase classname="tests.test_privacy_settings_api.TestPrivacySettingsAPI" name="test_get_privacy_settings_invalid_event_id" time="0.062" /><testcase classname="tests.test_privacy_settings_api.TestPrivacySettingsAPI" name="test_get_privacy_settings_nonexistent_event" time="0.068" /><testcase classname="tests.test_privacy_settings_api.TestPrivacySettingsAPI" name="test_update_privacy_settings_gdpr_enabled" time="0.105"><failure message="AssertionError: Expected 200, got 520: {&quot;message&quot;:&quot;Failed to update privacy settings&quot;}&#10;assert 520 == 200&#10; +  where 520 = &lt;Response [520]&gt;.status_code">tests/test_privacy_settings_api.py:77: in test_update_privacy_settings_gdpr_enabled
    assert response.status_code == 200, f"Expected 200, got {response.status_code}: {response.text}"
E   AssertionError: Expected 200, got 520: {"message":"Failed to update privacy settings"}
E   assert 520 == 200
E    +  where 520 = &lt;Response [520]&gt;.status_code</failure></testcase><testcase classname="tests.test_privacy_settings_api.TestPrivacySettingsAPI" name="test_update_privacy_settings_privacy_policy_url" time="0.063"><failure message="assert 520 == 200&#10; +  where 520 = &lt;Response [520]&gt;.status_code">tests/test_privacy_settings_api.py:98: in test_update_privacy_settings_privacy_policy_url
    assert response.status_code == 200
E   assert 520 == 200
E    +  where 520 = &lt;Response [520]&gt;.status_code</failure></testcase><testcase classname="tests.test_privacy_settings_api.TestPrivacySettingsAPI" name="test_update_privacy_settings_data_retention_90_days" time="0.066"><failure message="assert 520 == 200&#10; +  where 520 = &lt;Response [520]&gt;.status_code">tests/test_privacy_settings_api.py:121: in test_update_privacy_settings_data_retention_90_days
    assert response.status_code == 200
E   assert 520 == 200
E    +  where 520 = &lt;Response [520]&gt;.status_code</failure></testcase><testcase classname="tests.test_privacy_settings_api.TestPrivacySettingsAPI" name="test_update_privacy_settings_data_retention_180_days" time="0.070"><failure message="assert 520 == 200&#10; +  where 520 = &lt;Response [520]&gt;.status_code">tests/test_privacy_settings_api.py:137: in test_update_privacy_settings_data_retention_180_days
    assert response.status_code == 200
E   assert 520 == 200
E    +  where 520 = &lt;Response [520]&gt;.status_code</failure></testcase><testcase classname="tests.test_privacy_settings_api.TestPrivacySettingsAPI" name="test_update_privacy_settings_data_retention_365_days" time="0.064"><failure message="assert 520 == 200&#10; +  where 520 = &lt;Response [520]&gt;.status_code">tests/test_privacy_settings_api.py:153: in test_update_privacy_settings_data_retention_365_days
    assert response.status_code == 200
E   assert 520 == 200
E    +  where 520 = &lt;Response [520]&gt;.status_code</failure></testcase><testcase classname="tests.test_privacy_settings_api.TestPrivacySettingsAPI" name="test_update_privacy_settings_data_retention_forever" time="0.070"><failure message="assert 520 == 200&#10; +  where 520 = &lt;Response [520]&gt;.status_code">tests/test_privacy_settings_api.py:169: in test_update_privacy_settings_data_retention_forever
    assert response.status_code == 200
E   assert 520 == 200
E    +  where 520 = &lt;Response [520]&gt;.status_code</failure></testcase><testcase classname="tests.test_privacy_settings_api.TestPrivacySettingsAPI" name="test_update_privacy_settings_invalid_data_retention" time="0.075" /><testcase classname="tests.test_privacy_settings_api.TestPrivacySettingsAPI" name="test_update_privacy_settings_cookie_consent" time="0.087"><failure message="assert 520 == 200&#10; +  where 520 = &lt;Response [520]&gt;.status_code">tests/test_privacy_settings_api.py:201: in test_update_privacy_settings_cookie_consent
    assert response.status_code == 200
E   assert 520 == 200
E    +  where 520 = &lt;Response [520]&gt;.status_code</failure></testcase><testcase classname="tests.test_privacy_settings_api.TestPrivacySettingsAPI" name="test_update_privacy_settings_custom_consent_text" time="0.069"><failure message="assert 520 == 200&#10; +  where 520 = &lt;Response [520]&gt;.status_code">tests/test_privacy_settings_api.py:219: in test_update_privacy_settings_custom_consent_text
    assert response.status_code == 200
E   assert 520 == 200
E    +  where 520 = &lt;Response [520]&gt;.status_code</failure></testcase><testcase classname="tests.test_privacy_settings_api.TestPrivacySettingsAPI" name="test_update_privacy_settings_multiple_fields" time="0.068"><failure message="assert 520 == 200&#10; +  where 520 = &lt;Response [520]&gt;.status_code">tests/test_privacy_settings_api.py:238: in test_update_privacy_settings_multiple_fields
    assert response.status_code == 200
E   assert 520 == 200
E    +  where 520 = &lt;Response [520]&gt;.status_code</failure></testcase><testcase classname="tests.test_privacy_settings_api.TestPrivacySettingsAPI" name="test_reset_to_global_defaults" time="0.072"><failure message="assert 520 == 200&#10; +  where 520 = &lt;Response [520]&gt;.status_code">tests/test_privacy_settings_api.py:265: in test_reset_to_global_defaults
    assert update_response.status_code == 200
E   assert 520 == 200
E    +  where 520 = &lt;Response [520]&gt;.status_code</failure></testcase><testcase classname="tests.test_privacy_settings_api.TestPrivacySettingsAPI" name="test_reset_returns_global_settings" time="0.074" /><testcase classname="tests.test_privacy_settings_api.TestPrivacySettingsAPI" name="test_export_event_data_csv" time="0.085" /><testcase classname="tests.test_privacy_settings_api.TestPrivacySettingsAPI" name="test_export_event_data_csv_content" time="0.076" /><testcase classname="tests.test_privacy_settings_api.TestPrivacySettingsAPI" name="test_export_event_data_invalid_event_id" time="0.072" /><testcase classname="tests.test_privacy_settings_api.TestPrivacySettingsGlobalFallback" name="test_new_event_uses_global_defaults" time="0.070" /><testcase classname="tests.test_privacy_settings_api.TestPrivacySettingsGlobalFallback" name="test_event_with_custom_settings_not_global" time="0.138"><failure message="assert True == False">tests/test_privacy_settings_api.py:357: in test_event_with_custom_settings_not_global
    assert data['is_global_default'] == False
E   assert True == False</failure></testcase><testcase classname="tests.test_privacy_settings_api.TestPrivacySettingsValidation" name="test_invalid_event_id_format" time="0.064" /><testcase classname="tests.test_privacy_settings_api.TestPrivacySettingsValidation" name="test_empty_update_payload" time="0.062"><failure message="assert 520 == 200&#10; +  where 520 = &lt;Response [520]&gt;.status_code">tests/test_privacy_settings_api.py:376: in test_empty_update_payload
    assert response.status_code == 200
E   assert 520 == 200
E    +  where 520 = &lt;Response [520]&gt;.status_code</failure></testcase><testcase classname="tests.test_privacy_settings_api.TestPrivacySettingsValidation" name="test_null_privacy_policy_url" time="0.067"><failure message="assert 520 == 200&#10; +  where 520 = &lt;Response [520]&gt;.status_code">tests/test_privacy_settings_api.py:388: in test_null_privacy_policy_url
    assert response.status_code == 200
E   assert 520 == 200
E    +  where 520 = &lt;Response [520]&gt;.status_code</failure></testcase></testsuite></testsuites>